<?xml version="1.0" encoding="UTF-8"?>
<!-- Generated by org.testng.reporters.JUnitReportReporter -->
<testsuite hostname="H-HEIDARI-L" failures="0" tests="1" name="dotin.NewTest2" time="124.761" errors="0" timestamp="2021-11-28T23:49:18 IRST" skipped="0">
  <testcase classname="dotin.NewTest2" name="f" time="124.761"/>
  <system-out/>
</testsuite> <!-- dotin.NewTest2 -->
